<?xml version="1.0" encoding="UTF-8"?>
<!-- Generated by org.testng.reporters.JUnitReportReporter -->
<testsuite hostname="DESKTOP-0E95FKB" failures="0" tests="5" name="com.store.test.DoShopping_E2E" time="54.335" errors="0" timestamp="08 Aug 2021 21:09:51 GMT" skipped="0">
  <testcase classname="com.store.test.DoShopping_E2E" name="chooseProduct" time="19.736"/>
  <testcase classname="com.store.test.DoShopping_E2E" name="placeOrder" time="7.042"/>
  <testcase classname="com.store.test.DoShopping_E2E" name="logout" time="5.108"/>
  <testcase classname="com.store.test.DoShopping_E2E" name="checkout" time="12.138"/>
  <testcase classname="com.store.test.DoShopping_E2E" name="login" time="10.311"/>
</testsuite> <!-- com.store.test.DoShopping_E2E -->
