<?xml version="1.0" encoding="UTF-8"?>
<!-- Generated by org.testng.reporters.JUnitReportReporter -->
<testsuite hostname="DESKTOP-0E95FKB" failures="0" tests="5" name="com.store.test.ShopAndPlaceOrder_E2E" time="50.793" errors="0" timestamp="08 Aug 2021 21:22:11 GMT" skipped="0">
  <testcase classname="com.store.test.ShopAndPlaceOrder_E2E" name="chooseProduct" time="17.209"/>
  <testcase classname="com.store.test.ShopAndPlaceOrder_E2E" name="logout" time="4.917"/>
  <testcase classname="com.store.test.ShopAndPlaceOrder_E2E" name="placeOrder" time="5.201"/>
  <testcase classname="com.store.test.ShopAndPlaceOrder_E2E" name="checkout" time="14.109"/>
  <testcase classname="com.store.test.ShopAndPlaceOrder_E2E" name="login" time="9.357"/>
</testsuite> <!-- com.store.test.ShopAndPlaceOrder_E2E -->
