<?xml version="1.0" encoding="UTF-8"?>
<!-- Generated by org.testng.reporters.JUnitReportReporter -->
<testsuite hostname="DESKTOP-0E95FKB" failures="0" tests="2" name="com.store.test.TestSCenario" time="21.925" errors="0" timestamp="08 Aug 2021 21:18:14 GMT" skipped="0">
  <testcase classname="com.store.test.TestSCenario" name="chooseProduct" time="12.670"/>
  <testcase classname="com.store.test.TestSCenario" name="login" time="9.255"/>
</testsuite> <!-- com.store.test.TestSCenario -->
